<?xml version="1.0" encoding="UTF-8"?>
<!-- Generated by org.testng.reporters.JUnitReportReporter -->
<testsuite hostname="ADMINRG-M0LJS1I" failures="0" tests="1" name="com.testpackage.TestNGBasics" time="0.002" errors="0" timestamp="2020-08-05T08:09:43 PDT" skipped="0">
  <testcase classname="com.testpackage.TestNGBasics" name="my_test3" time="0.002"/>
  <system-out/>
</testsuite> <!-- com.testpackage.TestNGBasics -->
