<?xml version="1.0" encoding="UTF-8"?>
<!-- Generated by org.testng.reporters.JUnitReportReporter -->
<testsuite hostname="ADMINRG-M0LJS1I" failures="0" tests="4" name="com.testpackage.DataProviderExample" time="0.026" errors="0" timestamp="2020-08-08T06:09:51 PDT" skipped="0">
  <testcase classname="com.testpackage.DataProviderExample" name="login" time="0.004"/>
  <system-out/>
  <testcase classname="com.testpackage.DataProviderExample" name="login" time="0.001"/>
  <system-out/>
  <testcase classname="com.testpackage.DataProviderExample" name="check" time="0.009"/>
  <system-out/>
  <testcase classname="com.testpackage.DataProviderExample" name="check" time="0.012"/>
  <system-out/>
</testsuite> <!-- com.testpackage.DataProviderExample -->
