<?xml version="1.0" encoding="UTF-8"?>
<!-- Generated by org.testng.reporters.JUnitReportReporter -->
<testsuite hostname="ADMINRG-M0LJS1I" failures="0" tests="2" name="com.testpackage.TestNGBasics" time="0.020" errors="0" timestamp="2020-08-04T23:54:13 PDT" skipped="0">
  <testcase classname="com.testpackage.TestNGBasics" name="my_test2" time="0.007"/>
  <system-out/>
  <testcase classname="com.testpackage.TestNGBasics" name="my_test" time="0.013"/>
  <system-out/>
</testsuite> <!-- com.testpackage.TestNGBasics -->
