<?xml version="1.0" encoding="UTF-8"?>
<!-- Generated by org.testng.reporters.JUnitReportReporter -->
<testsuite hostname="ADMINRG-M0LJS1I" failures="0" tests="3" name="com.testpackage.GoogleTest" time="30.848" errors="0" timestamp="2020-08-05T00:46:07 PDT" skipped="0">
  <testcase classname="com.testpackage.GoogleTest" name="getGoogleTitle" time="9.910"/>
  <system-out/>
  <testcase classname="com.testpackage.GoogleTest" name="googleMailLink" time="9.795"/>
  <system-out/>
  <testcase classname="com.testpackage.GoogleTest" name="googleLogoTest" time="11.143"/>
  <system-out/>
</testsuite> <!-- com.testpackage.GoogleTest -->
