<?xml version="1.0" encoding="UTF-8"?>
<!-- Generated by org.testng.reporters.JUnitReportReporter -->
<testsuite hostname="ADMINRG-M0LJS1I" failures="0" tests="4" name="com.testpackage.GoogleTest" time="55.050" errors="0" timestamp="2020-08-05T08:09:43 PDT" skipped="0">
  <testcase classname="com.testpackage.GoogleTest" name="googleMailLink" time="10.066"/>
  <system-out/>
  <testcase classname="com.testpackage.GoogleTest" name="test3" time="11.222"/>
  <system-out/>
  <testcase classname="com.testpackage.GoogleTest" name="test2" time="23.110"/>
  <system-out/>
  <testcase classname="com.testpackage.GoogleTest" name="test1" time="10.652"/>
  <system-out/>
</testsuite> <!-- com.testpackage.GoogleTest -->
