<?xml version="1.0" encoding="UTF-8"?>
<!-- Generated by org.testng.reporters.JUnitReportReporter -->
<testsuite hostname="ADMINRG-M0LJS1I" failures="0" tests="1" name="DemoSelenium" time="8.416" errors="0" timestamp="05 Aug 2020 16:36:00 GMT" skipped="0">
  <testcase classname="DemoSelenium" name="set_Up" time="8.416"/>
</testsuite> <!-- DemoSelenium -->
