<?xml version="1.0" encoding="UTF-8"?>
<!-- Generated by org.testng.reporters.JUnitReportReporter -->
<testsuite hostname="ADMINRG-M0LJS1I" failures="0" tests="1" name="com.test.Goole_Search" time="13.568" errors="0" timestamp="07 Aug 2020 06:40:08 GMT" skipped="0">
  <testcase classname="com.test.Goole_Search" name="search_functionality" time="13.568"/>
</testsuite> <!-- com.test.Goole_Search -->
