<?xml version="1.0" encoding="UTF-8"?>
<!-- Generated by org.testng.reporters.JUnitReportReporter -->
<testsuite hostname="ADMINRG-M0LJS1I" failures="0" tests="1" name="com.testFiles.YoutubeUserSignIn" time="15.173" errors="0" timestamp="08 Aug 2020 20:40:05 GMT" skipped="0">
  <testcase classname="com.testFiles.YoutubeUserSignIn" name="Check_user_signed_in" time="15.173"/>
</testsuite> <!-- com.testFiles.YoutubeUserSignIn -->
