<?xml version="1.0" encoding="UTF-8"?>
<!-- Generated by org.testng.reporters.JUnitReportReporter -->
<testsuite hostname="ADMINRG-M0LJS1I" failures="0" tests="1" name="com.testFiles.GoogleHomeSearch" time="12.042" errors="0" timestamp="07 Aug 2020 09:00:07 GMT" skipped="0">
  <testcase classname="com.testFiles.GoogleHomeSearch" name="search_functionality" time="12.042"/>
</testsuite> <!-- com.testFiles.GoogleHomeSearch -->
