<?xml version="1.0" encoding="UTF-8"?>
<!-- Generated by org.testng.reporters.JUnitReportReporter -->
<testsuite hostname="ADMINRG-M0LJS1I" failures="0" tests="1" name="com.testFiles.Youtube_keywords" time="14.778" errors="0" timestamp="08 Aug 2020 20:51:20 GMT" skipped="0">
  <testcase classname="com.testFiles.Youtube_keywords" name="get_keywords_txt" time="14.778"/>
</testsuite> <!-- com.testFiles.Youtube_keywords -->
